extDB2: Version: 69
extDB2: https://github.com/Torndeco/extDB2
extDB2: Windows Version
Message: All development for extDB2 is done on a Linux Dedicated Server
Message: If you would like to Donate to extDB2 Development
Message: https://www.paypal.com/cgi-bin/webscr?cmd=_s-xclick&hosted_button_id=2SUEFTGABTAM2
Message: Also leave a message if there is any particular feature you would like to see added.
Message: Thanks for all the people that have donated.
Message: Torndeco: 20/02/15


extDB2: Found extdb-conf.ini
extDB2: Detected 6 Cores, Setting up 6 Worker Threads


[01:45:08:560648 +02:00] [Thread 239984] extDB2: Database Type: MySQL
[01:45:08:560648 +02:00] [Thread 239984] extDB2: Database Session Pool Started
[01:45:08:560648 +02:00] [Thread 239984] extDB2: SQL_CUSTOM_V2: Loading Template Filename: C:\ArmA3_TEST\A3Hirschi\@extDB2\extDB\sql_custom_v2\altis-life-rpg-4.ini
[01:45:08:560648 +02:00] [Thread 239984] extDB2: SQL_CUSTOM_V2: Version 12 Detected, Latest Version 12 Available
[01:45:54:602281 +02:00] [Thread 76356] extDB2: SQL_CUSTOM_V2: Error No Custom Call Not Found: Input String SELECT COUNT(*) FROM houses WHERE owned='1'
[01:45:54:602281 +02:00] [Thread 76356] extDB2: SQL_CUSTOM_V2: Error No Custom Call Not Found: Callname SELECT COUNT(*) FROM houses WHERE owned='1'
[01:47:41:916419 +02:00] [Thread 76356] extDB2: SQL_CUSTOM_V2: Error No Custom Call Not Found: Input String SELECT pid, pos, inventory, containers FROM houses WHERE pid='76561198146148666' AND owned='1'
[01:47:41:916419 +02:00] [Thread 76356] extDB2: SQL_CUSTOM_V2: Error No Custom Call Not Found: Callname SELECT pid, pos, inventory, containers FROM houses WHERE pid='76561198146148666' AND owned='1'
[01:47:42:086429 +02:00] [Thread 76356] extDB2: SQL_CUSTOM_V2: Error No Custom Call Not Found: Input String SELECT id, owner, name, maxmembers, bank, members FROM gangs WHERE active='1' AND members LIKE '%76561198146148666%'
[01:47:42:086429 +02:00] [Thread 76356] extDB2: SQL_CUSTOM_V2: Error No Custom Call Not Found: Callname SELECT id, owner, name, maxmembers, bank, members FROM gangs WHERE active='1' AND members LIKE '%76561198146148666%'
[01:52:42:939637 +02:00] [Thread 76356] extDB2: SQL_CUSTOM_V2: Error No Custom Call Not Found: Input String INSERT INTO geldlog (von, zu, betrag, type, vonname, zuname, curcash, curatm) VALUES('76561198146148666', '76561198146148666', '3.48817e+007', '"DROP"', 'Mas Tobias', 'Mas Tobias', '3.48817e+007', '65000')
[01:52:42:939637 +02:00] [Thread 76356] extDB2: SQL_CUSTOM_V2: Error No Custom Call Not Found: Callname INSERT INTO geldlog (von, zu, betrag, type, vonname, zuname, curcash, curatm) VALUES('76561198146148666', '76561198146148666', '3.48817e+007', '"DROP"', 'Mas Tobias', 'Mas Tobias', '3.48817e+007', '65000')
[01:54:59:939473 +02:00] [Thread 88904] extDB2: SQL_CUSTOM_V2: Error No Custom Call Not Found: Input String UPDATE vehicles SET alive='0' WHERE pid='76561198146148666' AND plate='760065'
[01:54:59:946473 +02:00] [Thread 88904] extDB2: SQL_CUSTOM_V2: Error No Custom Call Not Found: Callname UPDATE vehicles SET alive='0' WHERE pid='76561198146148666' AND plate='760065'
[02:21:59:552109 +02:00] [Thread 239984] extDB2: Stopping ...
