extDB2: Version: 69
extDB2: https://github.com/Torndeco/extDB2
extDB2: Windows Version
Message: All development for extDB2 is done on a Linux Dedicated Server
Message: If you would like to Donate to extDB2 Development
Message: https://www.paypal.com/cgi-bin/webscr?cmd=_s-xclick&hosted_button_id=2SUEFTGABTAM2
Message: Also leave a message if there is any particular feature you would like to see added.
Message: Thanks for all the people that have donated.
Message: Torndeco: 20/02/15


extDB2: Found extdb-conf.ini
extDB2: Detected 6 Cores, Setting up 6 Worker Threads


[00:34:41:748888 +02:00] [Thread 42508] extDB2: Database Type: MySQL
[00:34:41:755888 +02:00] [Thread 42508] extDB2: Database Session Pool Started
[00:34:41:755888 +02:00] [Thread 42508] extDB2: SQL_CUSTOM_V2: Loading Template Filename: C:\ArmA3_TEST\A3Hirschi\@extDB2\extDB\sql_custom_v2\altis-life-rpg-4.ini
[00:34:41:755888 +02:00] [Thread 42508] extDB2: SQL_CUSTOM_V2: Version 12 Detected, Latest Version 12 Available
[00:35:50:121799 +02:00] [Thread 85688] extDB2: SQL_CUSTOM_V2: Error No Custom Call Not Found: Input String SELECT COUNT(*) FROM houses WHERE owned='1'
[00:35:50:121799 +02:00] [Thread 85688] extDB2: SQL_CUSTOM_V2: Error No Custom Call Not Found: Callname SELECT COUNT(*) FROM houses WHERE owned='1'
[01:13:26:756871 +02:00] [Thread 85688] extDB2: SQL_CUSTOM_V2: Error No Custom Call Not Found: Input String SELECT pid, pos, inventory, containers FROM houses WHERE pid='76561198146148666' AND owned='1'
[01:13:26:756871 +02:00] [Thread 85688] extDB2: SQL_CUSTOM_V2: Error No Custom Call Not Found: Callname SELECT pid, pos, inventory, containers FROM houses WHERE pid='76561198146148666' AND owned='1'
[01:13:26:930881 +02:00] [Thread 85688] extDB2: SQL_CUSTOM_V2: Error No Custom Call Not Found: Input String SELECT id, owner, name, maxmembers, bank, members FROM gangs WHERE active='1' AND members LIKE '%76561198146148666%'
[01:13:26:930881 +02:00] [Thread 85688] extDB2: SQL_CUSTOM_V2: Error No Custom Call Not Found: Callname SELECT id, owner, name, maxmembers, bank, members FROM gangs WHERE active='1' AND members LIKE '%76561198146148666%'
[01:16:37:504781 +02:00] [Thread 85688] extDB2: SQL_CUSTOM_V2: Error StatementException: MySQL: [MySQL]: [Comment]: mysql_stmt_execute error	[mysql_stmt_error]: Field 'adac_gear' doesn't have a default value	[mysql_stmt_errno]: 1364	[mysql_stmt_sqlstate]: HY000	[statemnt]: INSERT INTO players (playerid, name, cash, bankacc, aliases, cop_licenses, med_licenses, civ_licenses, civ_gear, cop_gear, med_gear) VALUES(?,?,?,?,?,?,?,?,?,?,?);
[01:16:37:504781 +02:00] [Thread 85688] extDB2: SQL_CUSTOM_V2: Wiping Statements + Session
[01:16:37:504781 +02:00] [Thread 85688] extDB2: SQL_CUSTOM_V2: Error: UniqueID: 1 Input String: playerInfoInsert:76561198146148666:Mas Tobias:0:65000:[["Mas Tobias"]]:[]:[]:[]:[]:[]:[]
[01:16:38:389831 +02:00] [Thread 85688] extDB2: SQL_CUSTOM_V2: Error StatementException: MySQL: [MySQL]: [Comment]: mysql_stmt_execute error	[mysql_stmt_error]: Field 'adac_gear' doesn't have a default value	[mysql_stmt_errno]: 1364	[mysql_stmt_sqlstate]: HY000	[statemnt]: INSERT INTO players (playerid, name, cash, bankacc, aliases, cop_licenses, med_licenses, civ_licenses, civ_gear, cop_gear, med_gear) VALUES(?,?,?,?,?,?,?,?,?,?,?);
[01:16:38:389831 +02:00] [Thread 85688] extDB2: SQL_CUSTOM_V2: Wiping Statements + Session
[01:16:38:389831 +02:00] [Thread 85688] extDB2: SQL_CUSTOM_V2: Error: UniqueID: 1 Input String: playerInfoInsert:76561198146148666:Mas Tobias:0:65000:[["Mas Tobias"]]:[]:[]:[]:[]:[]:[]
[01:16:38:993866 +02:00] [Thread 85688] extDB2: SQL_CUSTOM_V2: Error StatementException: MySQL: [MySQL]: [Comment]: mysql_stmt_execute error	[mysql_stmt_error]: Field 'adac_gear' doesn't have a default value	[mysql_stmt_errno]: 1364	[mysql_stmt_sqlstate]: HY000	[statemnt]: INSERT INTO players (playerid, name, cash, bankacc, aliases, cop_licenses, med_licenses, civ_licenses, civ_gear, cop_gear, med_gear) VALUES(?,?,?,?,?,?,?,?,?,?,?);
[01:16:38:993866 +02:00] [Thread 85688] extDB2: SQL_CUSTOM_V2: Wiping Statements + Session
[01:16:38:993866 +02:00] [Thread 85688] extDB2: SQL_CUSTOM_V2: Error: UniqueID: 1 Input String: playerInfoInsert:76561198146148666:Mas Tobias:0:65000:[["Mas Tobias"]]:[]:[]:[]:[]:[]:[]
[01:16:39:717907 +02:00] [Thread 85688] extDB2: SQL_CUSTOM_V2: Error StatementException: MySQL: [MySQL]: [Comment]: mysql_stmt_execute error	[mysql_stmt_error]: Field 'adac_gear' doesn't have a default value	[mysql_stmt_errno]: 1364	[mysql_stmt_sqlstate]: HY000	[statemnt]: INSERT INTO players (playerid, name, cash, bankacc, aliases, cop_licenses, med_licenses, civ_licenses, civ_gear, cop_gear, med_gear) VALUES(?,?,?,?,?,?,?,?,?,?,?);
[01:16:39:717907 +02:00] [Thread 85688] extDB2: SQL_CUSTOM_V2: Wiping Statements + Session
[01:16:39:717907 +02:00] [Thread 85688] extDB2: SQL_CUSTOM_V2: Error: UniqueID: 1 Input String: playerInfoInsert:76561198146148666:Mas Tobias:0:65000:[["Mas Tobias"]]:[]:[]:[]:[]:[]:[]
[01:16:40:976979 +02:00] [Thread 85688] extDB2: SQL_CUSTOM_V2: Error StatementException: MySQL: [MySQL]: [Comment]: mysql_stmt_execute error	[mysql_stmt_error]: Field 'adac_gear' doesn't have a default value	[mysql_stmt_errno]: 1364	[mysql_stmt_sqlstate]: HY000	[statemnt]: INSERT INTO players (playerid, name, cash, bankacc, aliases, cop_licenses, med_licenses, civ_licenses, civ_gear, cop_gear, med_gear) VALUES(?,?,?,?,?,?,?,?,?,?,?);
[01:16:40:976979 +02:00] [Thread 85688] extDB2: SQL_CUSTOM_V2: Wiping Statements + Session
[01:16:40:976979 +02:00] [Thread 85688] extDB2: SQL_CUSTOM_V2: Error: UniqueID: 1 Input String: playerInfoInsert:76561198146148666:Mas Tobias:0:65000:[["Mas Tobias"]]:[]:[]:[]:[]:[]:[]
[01:16:41:672019 +02:00] [Thread 85688] extDB2: SQL_CUSTOM_V2: Error StatementException: MySQL: [MySQL]: [Comment]: mysql_stmt_execute error	[mysql_stmt_error]: Field 'adac_gear' doesn't have a default value	[mysql_stmt_errno]: 1364	[mysql_stmt_sqlstate]: HY000	[statemnt]: INSERT INTO players (playerid, name, cash, bankacc, aliases, cop_licenses, med_licenses, civ_licenses, civ_gear, cop_gear, med_gear) VALUES(?,?,?,?,?,?,?,?,?,?,?);
[01:16:41:672019 +02:00] [Thread 85688] extDB2: SQL_CUSTOM_V2: Wiping Statements + Session
[01:16:41:672019 +02:00] [Thread 85688] extDB2: SQL_CUSTOM_V2: Error: UniqueID: 1 Input String: playerInfoInsert:76561198146148666:Mas Tobias:0:65000:[["Mas Tobias"]]:[]:[]:[]:[]:[]:[]
[01:16:42:304055 +02:00] [Thread 85688] extDB2: SQL_CUSTOM_V2: Error StatementException: MySQL: [MySQL]: [Comment]: mysql_stmt_execute error	[mysql_stmt_error]: Field 'adac_gear' doesn't have a default value	[mysql_stmt_errno]: 1364	[mysql_stmt_sqlstate]: HY000	[statemnt]: INSERT INTO players (playerid, name, cash, bankacc, aliases, cop_licenses, med_licenses, civ_licenses, civ_gear, cop_gear, med_gear) VALUES(?,?,?,?,?,?,?,?,?,?,?);
[01:16:42:304055 +02:00] [Thread 85688] extDB2: SQL_CUSTOM_V2: Wiping Statements + Session
[01:16:42:304055 +02:00] [Thread 85688] extDB2: SQL_CUSTOM_V2: Error: UniqueID: 1 Input String: playerInfoInsert:76561198146148666:Mas Tobias:0:65000:[["Mas Tobias"]]:[]:[]:[]:[]:[]:[]
[01:16:42:939092 +02:00] [Thread 85688] extDB2: SQL_CUSTOM_V2: Error StatementException: MySQL: [MySQL]: [Comment]: mysql_stmt_execute error	[mysql_stmt_error]: Field 'adac_gear' doesn't have a default value	[mysql_stmt_errno]: 1364	[mysql_stmt_sqlstate]: HY000	[statemnt]: INSERT INTO players (playerid, name, cash, bankacc, aliases, cop_licenses, med_licenses, civ_licenses, civ_gear, cop_gear, med_gear) VALUES(?,?,?,?,?,?,?,?,?,?,?);
[01:16:42:939092 +02:00] [Thread 85688] extDB2: SQL_CUSTOM_V2: Wiping Statements + Session
[01:16:42:939092 +02:00] [Thread 85688] extDB2: SQL_CUSTOM_V2: Error: UniqueID: 1 Input String: playerInfoInsert:76561198146148666:Mas Tobias:0:65000:[["Mas Tobias"]]:[]:[]:[]:[]:[]:[]
[01:16:43:579128 +02:00] [Thread 85688] extDB2: SQL_CUSTOM_V2: Error StatementException: MySQL: [MySQL]: [Comment]: mysql_stmt_execute error	[mysql_stmt_error]: Field 'adac_gear' doesn't have a default value	[mysql_stmt_errno]: 1364	[mysql_stmt_sqlstate]: HY000	[statemnt]: INSERT INTO players (playerid, name, cash, bankacc, aliases, cop_licenses, med_licenses, civ_licenses, civ_gear, cop_gear, med_gear) VALUES(?,?,?,?,?,?,?,?,?,?,?);
[01:16:43:579128 +02:00] [Thread 85688] extDB2: SQL_CUSTOM_V2: Wiping Statements + Session
[01:16:43:579128 +02:00] [Thread 85688] extDB2: SQL_CUSTOM_V2: Error: UniqueID: 1 Input String: playerInfoInsert:76561198146148666:Mas Tobias:0:65000:[["Mas Tobias"]]:[]:[]:[]:[]:[]:[]
[01:16:44:255167 +02:00] [Thread 85688] extDB2: SQL_CUSTOM_V2: Error StatementException: MySQL: [MySQL]: [Comment]: mysql_stmt_execute error	[mysql_stmt_error]: Field 'adac_gear' doesn't have a default value	[mysql_stmt_errno]: 1364	[mysql_stmt_sqlstate]: HY000	[statemnt]: INSERT INTO players (playerid, name, cash, bankacc, aliases, cop_licenses, med_licenses, civ_licenses, civ_gear, cop_gear, med_gear) VALUES(?,?,?,?,?,?,?,?,?,?,?);
[01:16:44:255167 +02:00] [Thread 85688] extDB2: SQL_CUSTOM_V2: Wiping Statements + Session
[01:16:44:255167 +02:00] [Thread 85688] extDB2: SQL_CUSTOM_V2: Error: UniqueID: 1 Input String: playerInfoInsert:76561198146148666:Mas Tobias:0:65000:[["Mas Tobias"]]:[]:[]:[]:[]:[]:[]
[01:16:44:922205 +02:00] [Thread 85688] extDB2: SQL_CUSTOM_V2: Error StatementException: MySQL: [MySQL]: [Comment]: mysql_stmt_execute error	[mysql_stmt_error]: Field 'adac_gear' doesn't have a default value	[mysql_stmt_errno]: 1364	[mysql_stmt_sqlstate]: HY000	[statemnt]: INSERT INTO players (playerid, name, cash, bankacc, aliases, cop_licenses, med_licenses, civ_licenses, civ_gear, cop_gear, med_gear) VALUES(?,?,?,?,?,?,?,?,?,?,?);
[01:16:44:922205 +02:00] [Thread 85688] extDB2: SQL_CUSTOM_V2: Wiping Statements + Session
[01:16:44:922205 +02:00] [Thread 85688] extDB2: SQL_CUSTOM_V2: Error: UniqueID: 1 Input String: playerInfoInsert:76561198146148666:Mas Tobias:0:65000:[["Mas Tobias"]]:[]:[]:[]:[]:[]:[]
[01:16:45:579243 +02:00] [Thread 85688] extDB2: SQL_CUSTOM_V2: Error StatementException: MySQL: [MySQL]: [Comment]: mysql_stmt_execute error	[mysql_stmt_error]: Field 'adac_gear' doesn't have a default value	[mysql_stmt_errno]: 1364	[mysql_stmt_sqlstate]: HY000	[statemnt]: INSERT INTO players (playerid, name, cash, bankacc, aliases, cop_licenses, med_licenses, civ_licenses, civ_gear, cop_gear, med_gear) VALUES(?,?,?,?,?,?,?,?,?,?,?);
[01:16:45:579243 +02:00] [Thread 85688] extDB2: SQL_CUSTOM_V2: Wiping Statements + Session
[01:16:45:579243 +02:00] [Thread 85688] extDB2: SQL_CUSTOM_V2: Error: UniqueID: 1 Input String: playerInfoInsert:76561198146148666:Mas Tobias:0:65000:[["Mas Tobias"]]:[]:[]:[]:[]:[]:[]
[01:16:46:182277 +02:00] [Thread 85688] extDB2: SQL_CUSTOM_V2: Error StatementException: MySQL: [MySQL]: [Comment]: mysql_stmt_execute error	[mysql_stmt_error]: Field 'adac_gear' doesn't have a default value	[mysql_stmt_errno]: 1364	[mysql_stmt_sqlstate]: HY000	[statemnt]: INSERT INTO players (playerid, name, cash, bankacc, aliases, cop_licenses, med_licenses, civ_licenses, civ_gear, cop_gear, med_gear) VALUES(?,?,?,?,?,?,?,?,?,?,?);
[01:16:46:182277 +02:00] [Thread 85688] extDB2: SQL_CUSTOM_V2: Wiping Statements + Session
[01:16:46:182277 +02:00] [Thread 85688] extDB2: SQL_CUSTOM_V2: Error: UniqueID: 1 Input String: playerInfoInsert:76561198146148666:Mas Tobias:0:65000:[["Mas Tobias"]]:[]:[]:[]:[]:[]:[]
[01:16:46:861316 +02:00] [Thread 85688] extDB2: SQL_CUSTOM_V2: Error StatementException: MySQL: [MySQL]: [Comment]: mysql_stmt_execute error	[mysql_stmt_error]: Field 'adac_gear' doesn't have a default value	[mysql_stmt_errno]: 1364	[mysql_stmt_sqlstate]: HY000	[statemnt]: INSERT INTO players (playerid, name, cash, bankacc, aliases, cop_licenses, med_licenses, civ_licenses, civ_gear, cop_gear, med_gear) VALUES(?,?,?,?,?,?,?,?,?,?,?);
[01:16:46:861316 +02:00] [Thread 85688] extDB2: SQL_CUSTOM_V2: Wiping Statements + Session
[01:16:46:861316 +02:00] [Thread 85688] extDB2: SQL_CUSTOM_V2: Error: UniqueID: 1 Input String: playerInfoInsert:76561198146148666:Mas Tobias:0:65000:[["Mas Tobias"]]:[]:[]:[]:[]:[]:[]
[01:16:47:488352 +02:00] [Thread 85688] extDB2: SQL_CUSTOM_V2: Error StatementException: MySQL: [MySQL]: [Comment]: mysql_stmt_execute error	[mysql_stmt_error]: Field 'adac_gear' doesn't have a default value	[mysql_stmt_errno]: 1364	[mysql_stmt_sqlstate]: HY000	[statemnt]: INSERT INTO players (playerid, name, cash, bankacc, aliases, cop_licenses, med_licenses, civ_licenses, civ_gear, cop_gear, med_gear) VALUES(?,?,?,?,?,?,?,?,?,?,?);
[01:16:47:488352 +02:00] [Thread 85688] extDB2: SQL_CUSTOM_V2: Wiping Statements + Session
[01:16:47:488352 +02:00] [Thread 85688] extDB2: SQL_CUSTOM_V2: Error: UniqueID: 1 Input String: playerInfoInsert:76561198146148666:Mas Tobias:0:65000:[["Mas Tobias"]]:[]:[]:[]:[]:[]:[]
[01:16:48:115388 +02:00] [Thread 85688] extDB2: SQL_CUSTOM_V2: Error StatementException: MySQL: [MySQL]: [Comment]: mysql_stmt_execute error	[mysql_stmt_error]: Field 'adac_gear' doesn't have a default value	[mysql_stmt_errno]: 1364	[mysql_stmt_sqlstate]: HY000	[statemnt]: INSERT INTO players (playerid, name, cash, bankacc, aliases, cop_licenses, med_licenses, civ_licenses, civ_gear, cop_gear, med_gear) VALUES(?,?,?,?,?,?,?,?,?,?,?);
[01:16:48:115388 +02:00] [Thread 85688] extDB2: SQL_CUSTOM_V2: Wiping Statements + Session
[01:16:48:115388 +02:00] [Thread 85688] extDB2: SQL_CUSTOM_V2: Error: UniqueID: 1 Input String: playerInfoInsert:76561198146148666:Mas Tobias:0:65000:[["Mas Tobias"]]:[]:[]:[]:[]:[]:[]
[01:16:48:772425 +02:00] [Thread 85688] extDB2: SQL_CUSTOM_V2: Error StatementException: MySQL: [MySQL]: [Comment]: mysql_stmt_execute error	[mysql_stmt_error]: Field 'adac_gear' doesn't have a default value	[mysql_stmt_errno]: 1364	[mysql_stmt_sqlstate]: HY000	[statemnt]: INSERT INTO players (playerid, name, cash, bankacc, aliases, cop_licenses, med_licenses, civ_licenses, civ_gear, cop_gear, med_gear) VALUES(?,?,?,?,?,?,?,?,?,?,?);
[01:16:48:772425 +02:00] [Thread 85688] extDB2: SQL_CUSTOM_V2: Wiping Statements + Session
[01:16:48:772425 +02:00] [Thread 85688] extDB2: SQL_CUSTOM_V2: Error: UniqueID: 1 Input String: playerInfoInsert:76561198146148666:Mas Tobias:0:65000:[["Mas Tobias"]]:[]:[]:[]:[]:[]:[]
[01:16:49:462465 +02:00] [Thread 85688] extDB2: SQL_CUSTOM_V2: Error StatementException: MySQL: [MySQL]: [Comment]: mysql_stmt_execute error	[mysql_stmt_error]: Field 'adac_gear' doesn't have a default value	[mysql_stmt_errno]: 1364	[mysql_stmt_sqlstate]: HY000	[statemnt]: INSERT INTO players (playerid, name, cash, bankacc, aliases, cop_licenses, med_licenses, civ_licenses, civ_gear, cop_gear, med_gear) VALUES(?,?,?,?,?,?,?,?,?,?,?);
[01:16:49:462465 +02:00] [Thread 85688] extDB2: SQL_CUSTOM_V2: Wiping Statements + Session
[01:16:49:462465 +02:00] [Thread 85688] extDB2: SQL_CUSTOM_V2: Error: UniqueID: 1 Input String: playerInfoInsert:76561198146148666:Mas Tobias:0:65000:[["Mas Tobias"]]:[]:[]:[]:[]:[]:[]
[01:16:50:122503 +02:00] [Thread 85688] extDB2: SQL_CUSTOM_V2: Error StatementException: MySQL: [MySQL]: [Comment]: mysql_stmt_execute error	[mysql_stmt_error]: Field 'adac_gear' doesn't have a default value	[mysql_stmt_errno]: 1364	[mysql_stmt_sqlstate]: HY000	[statemnt]: INSERT INTO players (playerid, name, cash, bankacc, aliases, cop_licenses, med_licenses, civ_licenses, civ_gear, cop_gear, med_gear) VALUES(?,?,?,?,?,?,?,?,?,?,?);
[01:16:50:122503 +02:00] [Thread 85688] extDB2: SQL_CUSTOM_V2: Wiping Statements + Session
[01:16:50:122503 +02:00] [Thread 85688] extDB2: SQL_CUSTOM_V2: Error: UniqueID: 1 Input String: playerInfoInsert:76561198146148666:Mas Tobias:0:65000:[["Mas Tobias"]]:[]:[]:[]:[]:[]:[]
[01:16:50:755539 +02:00] [Thread 85688] extDB2: SQL_CUSTOM_V2: Error StatementException: MySQL: [MySQL]: [Comment]: mysql_stmt_execute error	[mysql_stmt_error]: Field 'adac_gear' doesn't have a default value	[mysql_stmt_errno]: 1364	[mysql_stmt_sqlstate]: HY000	[statemnt]: INSERT INTO players (playerid, name, cash, bankacc, aliases, cop_licenses, med_licenses, civ_licenses, civ_gear, cop_gear, med_gear) VALUES(?,?,?,?,?,?,?,?,?,?,?);
[01:16:50:755539 +02:00] [Thread 85688] extDB2: SQL_CUSTOM_V2: Wiping Statements + Session
[01:16:50:755539 +02:00] [Thread 85688] extDB2: SQL_CUSTOM_V2: Error: UniqueID: 1 Input String: playerInfoInsert:76561198146148666:Mas Tobias:0:65000:[["Mas Tobias"]]:[]:[]:[]:[]:[]:[]
[01:16:51:332572 +02:00] [Thread 85688] extDB2: SQL_CUSTOM_V2: Error StatementException: MySQL: [MySQL]: [Comment]: mysql_stmt_execute error	[mysql_stmt_error]: Field 'adac_gear' doesn't have a default value	[mysql_stmt_errno]: 1364	[mysql_stmt_sqlstate]: HY000	[statemnt]: INSERT INTO players (playerid, name, cash, bankacc, aliases, cop_licenses, med_licenses, civ_licenses, civ_gear, cop_gear, med_gear) VALUES(?,?,?,?,?,?,?,?,?,?,?);
[01:16:51:332572 +02:00] [Thread 85688] extDB2: SQL_CUSTOM_V2: Wiping Statements + Session
[01:16:51:332572 +02:00] [Thread 85688] extDB2: SQL_CUSTOM_V2: Error: UniqueID: 1 Input String: playerInfoInsert:76561198146148666:Mas Tobias:0:65000:[["Mas Tobias"]]:[]:[]:[]:[]:[]:[]
[01:16:52:032612 +02:00] [Thread 85688] extDB2: SQL_CUSTOM_V2: Error StatementException: MySQL: [MySQL]: [Comment]: mysql_stmt_execute error	[mysql_stmt_error]: Field 'adac_gear' doesn't have a default value	[mysql_stmt_errno]: 1364	[mysql_stmt_sqlstate]: HY000	[statemnt]: INSERT INTO players (playerid, name, cash, bankacc, aliases, cop_licenses, med_licenses, civ_licenses, civ_gear, cop_gear, med_gear) VALUES(?,?,?,?,?,?,?,?,?,?,?);
[01:16:52:032612 +02:00] [Thread 85688] extDB2: SQL_CUSTOM_V2: Wiping Statements + Session
[01:16:52:032612 +02:00] [Thread 85688] extDB2: SQL_CUSTOM_V2: Error: UniqueID: 1 Input String: playerInfoInsert:76561198146148666:Mas Tobias:0:65000:[["Mas Tobias"]]:[]:[]:[]:[]:[]:[]
[01:16:52:803656 +02:00] [Thread 85688] extDB2: SQL_CUSTOM_V2: Error StatementException: MySQL: [MySQL]: [Comment]: mysql_stmt_execute error	[mysql_stmt_error]: Field 'adac_gear' doesn't have a default value	[mysql_stmt_errno]: 1364	[mysql_stmt_sqlstate]: HY000	[statemnt]: INSERT INTO players (playerid, name, cash, bankacc, aliases, cop_licenses, med_licenses, civ_licenses, civ_gear, cop_gear, med_gear) VALUES(?,?,?,?,?,?,?,?,?,?,?);
[01:16:52:803656 +02:00] [Thread 85688] extDB2: SQL_CUSTOM_V2: Wiping Statements + Session
[01:16:52:803656 +02:00] [Thread 85688] extDB2: SQL_CUSTOM_V2: Error: UniqueID: 1 Input String: playerInfoInsert:76561198146148666:Mas Tobias:0:65000:[["Mas Tobias"]]:[]:[]:[]:[]:[]:[]
[01:16:53:488695 +02:00] [Thread 85688] extDB2: SQL_CUSTOM_V2: Error StatementException: MySQL: [MySQL]: [Comment]: mysql_stmt_execute error	[mysql_stmt_error]: Field 'adac_gear' doesn't have a default value	[mysql_stmt_errno]: 1364	[mysql_stmt_sqlstate]: HY000	[statemnt]: INSERT INTO players (playerid, name, cash, bankacc, aliases, cop_licenses, med_licenses, civ_licenses, civ_gear, cop_gear, med_gear) VALUES(?,?,?,?,?,?,?,?,?,?,?);
[01:16:53:488695 +02:00] [Thread 85688] extDB2: SQL_CUSTOM_V2: Wiping Statements + Session
[01:16:53:488695 +02:00] [Thread 85688] extDB2: SQL_CUSTOM_V2: Error: UniqueID: 1 Input String: playerInfoInsert:76561198146148666:Mas Tobias:0:65000:[["Mas Tobias"]]:[]:[]:[]:[]:[]:[]
[01:16:54:153733 +02:00] [Thread 85688] extDB2: SQL_CUSTOM_V2: Error StatementException: MySQL: [MySQL]: [Comment]: mysql_stmt_execute error	[mysql_stmt_error]: Field 'adac_gear' doesn't have a default value	[mysql_stmt_errno]: 1364	[mysql_stmt_sqlstate]: HY000	[statemnt]: INSERT INTO players (playerid, name, cash, bankacc, aliases, cop_licenses, med_licenses, civ_licenses, civ_gear, cop_gear, med_gear) VALUES(?,?,?,?,?,?,?,?,?,?,?);
[01:16:54:153733 +02:00] [Thread 85688] extDB2: SQL_CUSTOM_V2: Wiping Statements + Session
[01:16:54:153733 +02:00] [Thread 85688] extDB2: SQL_CUSTOM_V2: Error: UniqueID: 1 Input String: playerInfoInsert:76561198146148666:Mas Tobias:0:65000:[["Mas Tobias"]]:[]:[]:[]:[]:[]:[]
[01:16:54:770768 +02:00] [Thread 85688] extDB2: SQL_CUSTOM_V2: Error StatementException: MySQL: [MySQL]: [Comment]: mysql_stmt_execute error	[mysql_stmt_error]: Field 'adac_gear' doesn't have a default value	[mysql_stmt_errno]: 1364	[mysql_stmt_sqlstate]: HY000	[statemnt]: INSERT INTO players (playerid, name, cash, bankacc, aliases, cop_licenses, med_licenses, civ_licenses, civ_gear, cop_gear, med_gear) VALUES(?,?,?,?,?,?,?,?,?,?,?);
[01:16:54:786769 +02:00] [Thread 85688] extDB2: SQL_CUSTOM_V2: Wiping Statements + Session
[01:16:54:786769 +02:00] [Thread 85688] extDB2: SQL_CUSTOM_V2: Error: UniqueID: 1 Input String: playerInfoInsert:76561198146148666:Mas Tobias:0:65000:[["Mas Tobias"]]:[]:[]:[]:[]:[]:[]
[01:16:55:439807 +02:00] [Thread 85688] extDB2: SQL_CUSTOM_V2: Error StatementException: MySQL: [MySQL]: [Comment]: mysql_stmt_execute error	[mysql_stmt_error]: Field 'adac_gear' doesn't have a default value	[mysql_stmt_errno]: 1364	[mysql_stmt_sqlstate]: HY000	[statemnt]: INSERT INTO players (playerid, name, cash, bankacc, aliases, cop_licenses, med_licenses, civ_licenses, civ_gear, cop_gear, med_gear) VALUES(?,?,?,?,?,?,?,?,?,?,?);
[01:16:55:439807 +02:00] [Thread 85688] extDB2: SQL_CUSTOM_V2: Wiping Statements + Session
[01:16:55:439807 +02:00] [Thread 85688] extDB2: SQL_CUSTOM_V2: Error: UniqueID: 1 Input String: playerInfoInsert:76561198146148666:Mas Tobias:0:65000:[["Mas Tobias"]]:[]:[]:[]:[]:[]:[]
[01:16:56:038841 +02:00] [Thread 85688] extDB2: SQL_CUSTOM_V2: Error StatementException: MySQL: [MySQL]: [Comment]: mysql_stmt_execute error	[mysql_stmt_error]: Field 'adac_gear' doesn't have a default value	[mysql_stmt_errno]: 1364	[mysql_stmt_sqlstate]: HY000	[statemnt]: INSERT INTO players (playerid, name, cash, bankacc, aliases, cop_licenses, med_licenses, civ_licenses, civ_gear, cop_gear, med_gear) VALUES(?,?,?,?,?,?,?,?,?,?,?);
[01:16:56:038841 +02:00] [Thread 85688] extDB2: SQL_CUSTOM_V2: Wiping Statements + Session
[01:16:56:038841 +02:00] [Thread 85688] extDB2: SQL_CUSTOM_V2: Error: UniqueID: 1 Input String: playerInfoInsert:76561198146148666:Mas Tobias:0:65000:[["Mas Tobias"]]:[]:[]:[]:[]:[]:[]
[01:16:56:809885 +02:00] [Thread 85688] extDB2: SQL_CUSTOM_V2: Error StatementException: MySQL: [MySQL]: [Comment]: mysql_stmt_execute error	[mysql_stmt_error]: Field 'adac_gear' doesn't have a default value	[mysql_stmt_errno]: 1364	[mysql_stmt_sqlstate]: HY000	[statemnt]: INSERT INTO players (playerid, name, cash, bankacc, aliases, cop_licenses, med_licenses, civ_licenses, civ_gear, cop_gear, med_gear) VALUES(?,?,?,?,?,?,?,?,?,?,?);
[01:16:56:809885 +02:00] [Thread 85688] extDB2: SQL_CUSTOM_V2: Wiping Statements + Session
[01:16:56:809885 +02:00] [Thread 85688] extDB2: SQL_CUSTOM_V2: Error: UniqueID: 1 Input String: playerInfoInsert:76561198146148666:Mas Tobias:0:65000:[["Mas Tobias"]]:[]:[]:[]:[]:[]:[]
[01:16:57:453922 +02:00] [Thread 85688] extDB2: SQL_CUSTOM_V2: Error StatementException: MySQL: [MySQL]: [Comment]: mysql_stmt_execute error	[mysql_stmt_error]: Field 'adac_gear' doesn't have a default value	[mysql_stmt_errno]: 1364	[mysql_stmt_sqlstate]: HY000	[statemnt]: INSERT INTO players (playerid, name, cash, bankacc, aliases, cop_licenses, med_licenses, civ_licenses, civ_gear, cop_gear, med_gear) VALUES(?,?,?,?,?,?,?,?,?,?,?);
[01:16:57:453922 +02:00] [Thread 85688] extDB2: SQL_CUSTOM_V2: Wiping Statements + Session
[01:16:57:453922 +02:00] [Thread 85688] extDB2: SQL_CUSTOM_V2: Error: UniqueID: 1 Input String: playerInfoInsert:76561198146148666:Mas Tobias:0:65000:[["Mas Tobias"]]:[]:[]:[]:[]:[]:[]
[01:16:58:125960 +02:00] [Thread 85688] extDB2: SQL_CUSTOM_V2: Error StatementException: MySQL: [MySQL]: [Comment]: mysql_stmt_execute error	[mysql_stmt_error]: Field 'adac_gear' doesn't have a default value	[mysql_stmt_errno]: 1364	[mysql_stmt_sqlstate]: HY000	[statemnt]: INSERT INTO players (playerid, name, cash, bankacc, aliases, cop_licenses, med_licenses, civ_licenses, civ_gear, cop_gear, med_gear) VALUES(?,?,?,?,?,?,?,?,?,?,?);
[01:16:58:125960 +02:00] [Thread 85688] extDB2: SQL_CUSTOM_V2: Wiping Statements + Session
[01:16:58:125960 +02:00] [Thread 85688] extDB2: SQL_CUSTOM_V2: Error: UniqueID: 1 Input String: playerInfoInsert:76561198146148666:Mas Tobias:0:65000:[["Mas Tobias"]]:[]:[]:[]:[]:[]:[]
[01:43:29:942007 +02:00] [Thread 42508] extDB2: Stopping ...
